Microsoft HTML Help Compiler 4.74.8702

Compiling d:\oksim04\Борович\пр3.chm

HHC6000: Error: An internal file could not be created. Make certain there is enough disk space on the drive where you are compiling your file.
HHC5007: Error: Fatal navigational compilation error. This is likely the result of an invalid contents (.hhc) file.


The following files were not compiled:
Microsoft HTML Help Compiler 4.74.8702

Compiling d:\oksim04\Борович\пр3.chm

HHC6000: Error: An internal file could not be created. Make certain there is enough disk space on the drive where you are compiling your file.
HHC5007: Error: Fatal navigational compilation error. This is likely the result of an invalid contents (.hhc) file.


The following files were not compiled:
Microsoft HTML Help Compiler 4.74.8702

Compiling d:\oksim04\Борович\пр3.chm

HHC6000: Error: An internal file could not be created. Make certain there is enough disk space on the drive where you are compiling your file.
HHC5007: Error: Fatal navigational compilation error. This is likely the result of an invalid contents (.hhc) file.


The following files were not compiled:
Microsoft HTML Help Compiler 4.74.8702

Compiling d:\oksim04\Борович\пр3.chm

HHC6000: Error: An internal file could not be created. Make certain there is enough disk space on the drive where you are compiling your file.
HHC5007: Error: Fatal navigational compilation error. This is likely the result of an invalid contents (.hhc) file.


The following files were not compiled:
Microsoft HTML Help Compiler 4.74.8702

Compiling d:\oksim04\Борович\пр3.chm

HHC6000: Error: An internal file could not be created. Make certain there is enough disk space on the drive where you are compiling your file.
HHC5007: Error: Fatal navigational compilation error. This is likely the result of an invalid contents (.hhc) file.


The following files were not compiled:
Microsoft HTML Help Compiler 4.74.8702

Compiling d:\oksim04\Борович\пр3.chm

HHC6000: Error: An internal file could not be created. Make certain there is enough disk space on the drive where you are compiling your file.
HHC5007: Error: Fatal navigational compilation error. This is likely the result of an invalid contents (.hhc) file.


The following files were not compiled:
Microsoft HTML Help Compiler 4.74.8702

Compiling d:\oksim04\Борович\пр3.chm

HHC6000: Error: An internal file could not be created. Make certain there is enough disk space on the drive where you are compiling your file.
HHC5007: Error: Fatal navigational compilation error. This is likely the result of an invalid contents (.hhc) file.


The following files were not compiled:
Microsoft HTML Help Compiler 4.74.8702

Compiling d:\oksim04\Борович\пр3.chm

HHC6000: Error: An internal file could not be created. Make certain there is enough disk space on the drive where you are compiling your file.
HHC5007: Error: Fatal navigational compilation error. This is likely the result of an invalid contents (.hhc) file.


The following files were not compiled:
Microsoft HTML Help Compiler 4.74.8702

Compiling d:\oksim04\Борович\пр3.chm

HHC6000: Error: An internal file could not be created. Make certain there is enough disk space on the drive where you are compiling your file.
HHC5007: Error: Fatal navigational compilation error. This is likely the result of an invalid contents (.hhc) file.


The following files were not compiled:
Microsoft HTML Help Compiler 4.74.8702

Compiling d:\oksim04\Борович\пр3.chm


Compile time: 0 minutes, 1 second
3	Topics
2	Local links
8	Internet links
0	Graphics


Created d:\oksim04\Борович\пр3.chm, 12,121 bytes
Compression increased file by 8,223 bytes.
Microsoft HTML Help Compiler 4.74.8702

Compiling d:\oksim04\Борович\пр3.chm


Compile time: 0 minutes, 1 second
3	Topics
4	Local links
8	Internet links
0	Graphics


Created d:\oksim04\Борович\пр3.chm, 12,153 bytes
Compression increased file by 7,893 bytes.
Microsoft HTML Help Compiler 4.74.8702

Compiling d:\oksim04\Борович\пр3.chm


Compile time: 0 minutes, 0 seconds
4	Topics
5	Local links
8	Internet links
0	Graphics


Created d:\oksim04\Борович\пр3.chm, 12,443 bytes
Compression increased file by 7,422 bytes.
